<?xml version="1.0" encoding="UTF-8"?>
<robot generator="Robot 4.1.3 (Python 3.10.1 on win32)" generated="20211219 11:12:14.442" rpa="false" schemaversion="2">
<suite id="s1" name="Composertests" source="D:\TestAutomation\Robot\RealProject\tests\composertests.robot">
<test id="s1-t1" name="TC0001 - Login to ProtonMail">
<kw name="Begin web test" library="Common" type="SETUP">
<kw name="Open Browser" library="SeleniumLibrary">
<arg>about:blank</arg>
<arg>${BROWSER}</arg>
<doc>Opens a new browser instance to the optional ``url``.</doc>
<msg timestamp="20211219 11:12:14.707" level="INFO">Opening browser 'edge' to base url 'about:blank'.</msg>
<status status="PASS" starttime="20211219 11:12:14.707" endtime="20211219 11:12:15.913"/>
</kw>
<kw name="Maximize Browser Window" library="SeleniumLibrary">
<doc>Maximizes current browser window.</doc>
<status status="PASS" starttime="20211219 11:12:15.913" endtime="20211219 11:12:16.035"/>
</kw>
<kw name="Set Browser Implicit Wait" library="SeleniumLibrary">
<arg>10s</arg>
<doc>Sets the implicit wait value used by Selenium.</doc>
<status status="PASS" starttime="20211219 11:12:16.035" endtime="20211219 11:12:16.037"/>
</kw>
<status status="PASS" starttime="20211219 11:12:14.707" endtime="20211219 11:12:16.037"/>
</kw>
<kw name="Login to ProtonMail" library="LoginPage">
<kw name="Load" library="LoginPageObjects">
<kw name="Go To" library="SeleniumLibrary">
<arg>${URL}</arg>
<doc>Navigates the current browser window to the provided ``url``.</doc>
<msg timestamp="20211219 11:12:16.039" level="INFO">Opening url 'https://mail.protonmail.com'</msg>
<status status="PASS" starttime="20211219 11:12:16.039" endtime="20211219 11:12:17.251"/>
</kw>
<status status="PASS" starttime="20211219 11:12:16.038" endtime="20211219 11:12:17.251"/>
</kw>
<kw name="Verify page loaded" library="LoginPageObjects">
<kw name="Wait Until Page Contains" library="SeleniumLibrary">
<arg>to continue to ProtonMail</arg>
<doc>Waits until ``text`` appears on the current page.</doc>
<status status="PASS" starttime="20211219 11:12:17.252" endtime="20211219 11:12:17.439"/>
</kw>
<status status="PASS" starttime="20211219 11:12:17.251" endtime="20211219 11:12:17.440"/>
</kw>
<kw name="Sign in" library="LoginPageObjects">
<kw name="Input Text" library="SeleniumLibrary">
<arg>${SIGN_IN_EMAIL}</arg>
<arg>${CREDENTIALS}[0]</arg>
<doc>Types the given ``text`` into the text field identified by ``locator``.</doc>
<msg timestamp="20211219 11:12:17.441" level="INFO">Typing text 'panche_test9@protonmail.com' into text field 'id=username'.</msg>
<status status="PASS" starttime="20211219 11:12:17.440" endtime="20211219 11:12:18.485"/>
</kw>
<kw name="Input Password" library="SeleniumLibrary">
<arg>${SIGN_IN_PASSWORD}</arg>
<arg>${CREDENTIALS}[1]</arg>
<doc>Types the given password into the text field identified by ``locator``.</doc>
<msg timestamp="20211219 11:12:18.486" level="INFO">Typing password into text field 'id=password'.</msg>
<msg timestamp="20211219 11:12:18.521" level="INFO">Temporally setting log level to: NONE</msg>
<msg timestamp="20211219 11:12:18.569" level="INFO">Log level changed from NONE to INFO.</msg>
<status status="PASS" starttime="20211219 11:12:18.486" endtime="20211219 11:12:18.569"/>
</kw>
<kw name="Click Button" library="SeleniumLibrary">
<arg>${LOGIN_BUTTON}</arg>
<doc>Clicks the button identified by ``locator``.</doc>
<msg timestamp="20211219 11:12:18.570" level="INFO">Clicking button 'xpath=/html/body/div[1]/div[3]/div/div/main/div[2]/form/button'.</msg>
<status status="PASS" starttime="20211219 11:12:18.569" endtime="20211219 11:12:18.635"/>
</kw>
<kw name="Sleep" library="BuiltIn">
<arg>3s</arg>
<doc>Pauses the test executed for the given time.</doc>
<msg timestamp="20211219 11:12:21.640" level="INFO">Slept 3 seconds</msg>
<status status="PASS" starttime="20211219 11:12:18.635" endtime="20211219 11:12:21.640"/>
</kw>
<kw name="Wait Until Page Contains" library="SeleniumLibrary">
<arg>New message</arg>
<doc>Waits until ``text`` appears on the current page.</doc>
<status status="PASS" starttime="20211219 11:12:21.640" endtime="20211219 11:12:23.095"/>
</kw>
<status status="PASS" starttime="20211219 11:12:17.440" endtime="20211219 11:12:23.100"/>
</kw>
<status status="PASS" starttime="20211219 11:12:16.038" endtime="20211219 11:12:23.100"/>
</kw>
<kw name="End web test" library="Common" type="TEARDOWN">
<kw name="Close Browser" library="SeleniumLibrary">
<doc>Closes the current browser.</doc>
<status status="PASS" starttime="20211219 11:12:23.102" endtime="20211219 11:12:25.242"/>
</kw>
<status status="PASS" starttime="20211219 11:12:23.101" endtime="20211219 11:12:25.242"/>
</kw>
<doc>User should be able to login</doc>
<tag>Regression</tag>
<status status="PASS" starttime="20211219 11:12:14.707" endtime="20211219 11:12:25.242"/>
</test>
<doc>Composer Test cases for ProtonMail</doc>
<status status="PASS" starttime="20211219 11:12:14.442" endtime="20211219 11:12:25.242"/>
</suite>
<statistics>
<total>
<stat pass="1" fail="0" skip="0">All Tests</stat>
</total>
<tag>
<stat pass="1" fail="0" skip="0">Regression</stat>
</tag>
<suite>
<stat pass="1" fail="0" skip="0" id="s1" name="Composertests">Composertests</stat>
</suite>
</statistics>
<errors>
</errors>
</robot>
