<?xml version="1.0" encoding="UTF-8"?>
<robot generator="Robot 4.1.3 (Python 3.10.1 on win32)" generated="20211219 11:13:20.634" rpa="false" schemaversion="2">
<suite id="s1" name="Composertests" source="D:\TestAutomation\Robot\RealProject\tests\composertests.robot">
<test id="s1-t1" name="TC0001 - Login to ProtonMail">
<kw name="Begin web test" library="Common" type="SETUP">
<kw name="Open Browser" library="SeleniumLibrary">
<arg>about:blank</arg>
<arg>${BROWSER}</arg>
<doc>Opens a new browser instance to the optional ``url``.</doc>
<msg timestamp="20211219 11:13:20.853" level="INFO">Opening browser 'edge' to base url 'about:blank'.</msg>
<status status="PASS" starttime="20211219 11:13:20.853" endtime="20211219 11:13:22.041"/>
</kw>
<kw name="Maximize Browser Window" library="SeleniumLibrary">
<doc>Maximizes current browser window.</doc>
<status status="PASS" starttime="20211219 11:13:22.041" endtime="20211219 11:13:22.161"/>
</kw>
<kw name="Set Browser Implicit Wait" library="SeleniumLibrary">
<arg>10s</arg>
<doc>Sets the implicit wait value used by Selenium.</doc>
<status status="PASS" starttime="20211219 11:13:22.161" endtime="20211219 11:13:22.163"/>
</kw>
<status status="PASS" starttime="20211219 11:13:20.853" endtime="20211219 11:13:22.163"/>
</kw>
<kw name="Login to ProtonMail" library="LoginPage">
<kw name="Load" library="LoginPageObjects">
<kw name="Go To" library="SeleniumLibrary">
<arg>${URL}</arg>
<doc>Navigates the current browser window to the provided ``url``.</doc>
<msg timestamp="20211219 11:13:22.165" level="INFO">Opening url 'https://mail.protonmail.com'</msg>
<status status="PASS" starttime="20211219 11:13:22.165" endtime="20211219 11:13:23.500"/>
</kw>
<status status="PASS" starttime="20211219 11:13:22.164" endtime="20211219 11:13:23.500"/>
</kw>
<kw name="Verify page loaded" library="LoginPageObjects">
<kw name="Wait Until Page Contains" library="SeleniumLibrary">
<arg>to continue to ProtonMail</arg>
<doc>Waits until ``text`` appears on the current page.</doc>
<status status="PASS" starttime="20211219 11:13:23.501" endtime="20211219 11:13:23.691"/>
</kw>
<status status="PASS" starttime="20211219 11:13:23.501" endtime="20211219 11:13:23.691"/>
</kw>
<kw name="Sign in" library="LoginPageObjects">
<kw name="Input Text" library="SeleniumLibrary">
<arg>${SIGN_IN_EMAIL}</arg>
<arg>${CREDENTIALS}[0]</arg>
<doc>Types the given ``text`` into the text field identified by ``locator``.</doc>
<msg timestamp="20211219 11:13:23.693" level="INFO">Typing text 'panche_test9@protonmail.com' into text field 'id=username'.</msg>
<status status="PASS" starttime="20211219 11:13:23.692" endtime="20211219 11:13:27.819"/>
</kw>
<kw name="Input Password" library="SeleniumLibrary">
<arg>${SIGN_IN_PASSWORD}</arg>
<arg>${CREDENTIALS}[1]</arg>
<doc>Types the given password into the text field identified by ``locator``.</doc>
<msg timestamp="20211219 11:13:27.820" level="INFO">Typing password into text field 'id=password'.</msg>
<msg timestamp="20211219 11:13:27.851" level="INFO">Temporally setting log level to: NONE</msg>
<msg timestamp="20211219 11:13:27.893" level="INFO">Log level changed from NONE to INFO.</msg>
<status status="PASS" starttime="20211219 11:13:27.819" endtime="20211219 11:13:27.893"/>
</kw>
<kw name="Click Button" library="SeleniumLibrary">
<arg>${LOGIN_BUTTON}</arg>
<doc>Clicks the button identified by ``locator``.</doc>
<msg timestamp="20211219 11:13:27.894" level="INFO">Clicking button 'xpath=/html/body/div[1]/div[3]/div/div/main/div[2]/form/button'.</msg>
<status status="PASS" starttime="20211219 11:13:27.893" endtime="20211219 11:13:27.956"/>
</kw>
<kw name="Sleep" library="BuiltIn">
<arg>3s</arg>
<doc>Pauses the test executed for the given time.</doc>
<msg timestamp="20211219 11:13:30.966" level="INFO">Slept 3 seconds</msg>
<status status="PASS" starttime="20211219 11:13:27.957" endtime="20211219 11:13:30.966"/>
</kw>
<kw name="Wait Until Page Contains" library="SeleniumLibrary">
<arg>New message</arg>
<doc>Waits until ``text`` appears on the current page.</doc>
<status status="PASS" starttime="20211219 11:13:30.967" endtime="20211219 11:13:33.603"/>
</kw>
<status status="PASS" starttime="20211219 11:13:23.692" endtime="20211219 11:13:33.603"/>
</kw>
<status status="PASS" starttime="20211219 11:13:22.164" endtime="20211219 11:13:33.603"/>
</kw>
<kw name="End web test" library="Common" type="TEARDOWN">
<kw name="Close Browser" library="SeleniumLibrary">
<doc>Closes the current browser.</doc>
<status status="PASS" starttime="20211219 11:13:33.603" endtime="20211219 11:13:35.795"/>
</kw>
<status status="PASS" starttime="20211219 11:13:33.603" endtime="20211219 11:13:35.795"/>
</kw>
<doc>User should be able to login</doc>
<tag>Smoke</tag>
<status status="PASS" starttime="20211219 11:13:20.838" endtime="20211219 11:13:35.795"/>
</test>
<test id="s1-t2" name="TC0002 - Login with wrong credentials">
<kw name="Begin web test" library="Common" type="SETUP">
<kw name="Open Browser" library="SeleniumLibrary">
<arg>about:blank</arg>
<arg>${BROWSER}</arg>
<doc>Opens a new browser instance to the optional ``url``.</doc>
<msg timestamp="20211219 11:13:35.795" level="INFO">Opening browser 'edge' to base url 'about:blank'.</msg>
<status status="PASS" starttime="20211219 11:13:35.795" endtime="20211219 11:13:36.965"/>
</kw>
<kw name="Maximize Browser Window" library="SeleniumLibrary">
<doc>Maximizes current browser window.</doc>
<status status="PASS" starttime="20211219 11:13:36.965" endtime="20211219 11:13:37.095"/>
</kw>
<kw name="Set Browser Implicit Wait" library="SeleniumLibrary">
<arg>10s</arg>
<doc>Sets the implicit wait value used by Selenium.</doc>
<status status="PASS" starttime="20211219 11:13:37.095" endtime="20211219 11:13:37.098"/>
</kw>
<status status="PASS" starttime="20211219 11:13:35.795" endtime="20211219 11:13:37.099"/>
</kw>
<kw name="Login to ProtonMail with wrong credentials" library="LoginPage">
<kw name="Load" library="LoginPageObjects">
<kw name="Go To" library="SeleniumLibrary">
<arg>${URL}</arg>
<doc>Navigates the current browser window to the provided ``url``.</doc>
<msg timestamp="20211219 11:13:37.101" level="INFO">Opening url 'https://mail.protonmail.com'</msg>
<status status="PASS" starttime="20211219 11:13:37.101" endtime="20211219 11:13:38.419"/>
</kw>
<status status="PASS" starttime="20211219 11:13:37.100" endtime="20211219 11:13:38.419"/>
</kw>
<kw name="Verify page loaded" library="LoginPageObjects">
<kw name="Wait Until Page Contains" library="SeleniumLibrary">
<arg>to continue to ProtonMail</arg>
<doc>Waits until ``text`` appears on the current page.</doc>
<status status="PASS" starttime="20211219 11:13:38.421" endtime="20211219 11:13:38.631"/>
</kw>
<status status="PASS" starttime="20211219 11:13:38.420" endtime="20211219 11:13:38.631"/>
</kw>
<kw name="Sign in with wrong email" library="LoginPageObjects">
<kw name="Input Text" library="SeleniumLibrary">
<arg>${SIGN_IN_EMAIL}</arg>
<arg>${WRONG_CREDENTIALS}[0]</arg>
<doc>Types the given ``text`` into the text field identified by ``locator``.</doc>
<msg timestamp="20211219 11:13:38.633" level="INFO">Typing text 'panche@isaev.com' into text field 'id=username'.</msg>
<status status="PASS" starttime="20211219 11:13:38.632" endtime="20211219 11:13:42.509"/>
</kw>
<kw name="Input Password" library="SeleniumLibrary">
<arg>${SIGN_IN_PASSWORD}</arg>
<arg>${WRONG_CREDENTIALS}[0]</arg>
<doc>Types the given password into the text field identified by ``locator``.</doc>
<msg timestamp="20211219 11:13:42.510" level="INFO">Typing password into text field 'id=password'.</msg>
<msg timestamp="20211219 11:13:42.541" level="INFO">Temporally setting log level to: NONE</msg>
<msg timestamp="20211219 11:13:42.608" level="INFO">Log level changed from NONE to INFO.</msg>
<status status="PASS" starttime="20211219 11:13:42.509" endtime="20211219 11:13:42.608"/>
</kw>
<kw name="Click Button" library="SeleniumLibrary">
<arg>${LOGIN_BUTTON}</arg>
<doc>Clicks the button identified by ``locator``.</doc>
<msg timestamp="20211219 11:13:42.609" level="INFO">Clicking button 'xpath=/html/body/div[1]/div[3]/div/div/main/div[2]/form/button'.</msg>
<status status="PASS" starttime="20211219 11:13:42.609" endtime="20211219 11:13:42.681"/>
</kw>
<kw name="Wait Until Page Contains" library="SeleniumLibrary">
<arg>Incorrect login credentials. Please try again</arg>
<doc>Waits until ``text`` appears on the current page.</doc>
<status status="PASS" starttime="20211219 11:13:42.682" endtime="20211219 11:13:43.801"/>
</kw>
<status status="PASS" starttime="20211219 11:13:38.632" endtime="20211219 11:13:43.801"/>
</kw>
<status status="PASS" starttime="20211219 11:13:37.099" endtime="20211219 11:13:43.802"/>
</kw>
<kw name="End web test" library="Common" type="TEARDOWN">
<kw name="Close Browser" library="SeleniumLibrary">
<doc>Closes the current browser.</doc>
<status status="PASS" starttime="20211219 11:13:43.804" endtime="20211219 11:13:45.951"/>
</kw>
<status status="PASS" starttime="20211219 11:13:43.803" endtime="20211219 11:13:45.951"/>
</kw>
<doc>Login with wrong credentials should not be possible</doc>
<tag>Smoke</tag>
<status status="PASS" starttime="20211219 11:13:35.795" endtime="20211219 11:13:45.951"/>
</test>
<test id="s1-t3" name="TC0003 - Verify composer is opened">
<kw name="Begin web test" library="Common" type="SETUP">
<kw name="Open Browser" library="SeleniumLibrary">
<arg>about:blank</arg>
<arg>${BROWSER}</arg>
<doc>Opens a new browser instance to the optional ``url``.</doc>
<msg timestamp="20211219 11:13:45.951" level="INFO">Opening browser 'edge' to base url 'about:blank'.</msg>
<status status="PASS" starttime="20211219 11:13:45.951" endtime="20211219 11:13:47.114"/>
</kw>
<kw name="Maximize Browser Window" library="SeleniumLibrary">
<doc>Maximizes current browser window.</doc>
<status status="PASS" starttime="20211219 11:13:47.114" endtime="20211219 11:13:47.238"/>
</kw>
<kw name="Set Browser Implicit Wait" library="SeleniumLibrary">
<arg>10s</arg>
<doc>Sets the implicit wait value used by Selenium.</doc>
<status status="PASS" starttime="20211219 11:13:47.239" endtime="20211219 11:13:47.242"/>
</kw>
<status status="PASS" starttime="20211219 11:13:45.951" endtime="20211219 11:13:47.242"/>
</kw>
<kw name="Login to ProtonMail" library="LoginPage">
<kw name="Load" library="LoginPageObjects">
<kw name="Go To" library="SeleniumLibrary">
<arg>${URL}</arg>
<doc>Navigates the current browser window to the provided ``url``.</doc>
<msg timestamp="20211219 11:13:47.245" level="INFO">Opening url 'https://mail.protonmail.com'</msg>
<status status="PASS" starttime="20211219 11:13:47.245" endtime="20211219 11:13:48.662"/>
</kw>
<status status="PASS" starttime="20211219 11:13:47.244" endtime="20211219 11:13:48.663"/>
</kw>
<kw name="Verify page loaded" library="LoginPageObjects">
<kw name="Wait Until Page Contains" library="SeleniumLibrary">
<arg>to continue to ProtonMail</arg>
<doc>Waits until ``text`` appears on the current page.</doc>
<status status="PASS" starttime="20211219 11:13:48.664" endtime="20211219 11:13:48.879"/>
</kw>
<status status="PASS" starttime="20211219 11:13:48.663" endtime="20211219 11:13:48.879"/>
</kw>
<kw name="Sign in" library="LoginPageObjects">
<kw name="Input Text" library="SeleniumLibrary">
<arg>${SIGN_IN_EMAIL}</arg>
<arg>${CREDENTIALS}[0]</arg>
<doc>Types the given ``text`` into the text field identified by ``locator``.</doc>
<msg timestamp="20211219 11:13:48.880" level="INFO">Typing text 'panche_test9@protonmail.com' into text field 'id=username'.</msg>
<status status="PASS" starttime="20211219 11:13:48.880" endtime="20211219 11:13:52.747"/>
</kw>
<kw name="Input Password" library="SeleniumLibrary">
<arg>${SIGN_IN_PASSWORD}</arg>
<arg>${CREDENTIALS}[1]</arg>
<doc>Types the given password into the text field identified by ``locator``.</doc>
<msg timestamp="20211219 11:13:52.748" level="INFO">Typing password into text field 'id=password'.</msg>
<msg timestamp="20211219 11:13:52.784" level="INFO">Temporally setting log level to: NONE</msg>
<msg timestamp="20211219 11:13:52.831" level="INFO">Log level changed from NONE to INFO.</msg>
<status status="PASS" starttime="20211219 11:13:52.747" endtime="20211219 11:13:52.831"/>
</kw>
<kw name="Click Button" library="SeleniumLibrary">
<arg>${LOGIN_BUTTON}</arg>
<doc>Clicks the button identified by ``locator``.</doc>
<msg timestamp="20211219 11:13:52.831" level="INFO">Clicking button 'xpath=/html/body/div[1]/div[3]/div/div/main/div[2]/form/button'.</msg>
<status status="PASS" starttime="20211219 11:13:52.831" endtime="20211219 11:13:52.909"/>
</kw>
<kw name="Sleep" library="BuiltIn">
<arg>3s</arg>
<doc>Pauses the test executed for the given time.</doc>
<msg timestamp="20211219 11:13:55.913" level="INFO">Slept 3 seconds</msg>
<status status="PASS" starttime="20211219 11:13:52.909" endtime="20211219 11:13:55.913"/>
</kw>
<kw name="Wait Until Page Contains" library="SeleniumLibrary">
<arg>New message</arg>
<doc>Waits until ``text`` appears on the current page.</doc>
<status status="PASS" starttime="20211219 11:13:55.914" endtime="20211219 11:13:57.934"/>
</kw>
<status status="PASS" starttime="20211219 11:13:48.879" endtime="20211219 11:13:57.934"/>
</kw>
<status status="PASS" starttime="20211219 11:13:47.243" endtime="20211219 11:13:57.934"/>
</kw>
<kw name="Verify composer is opened" library="Composer">
<kw name="New message" library="ComposerObjects">
<kw name="Click Button" library="SeleniumLibrary">
<arg>${NEW_MESSAGE_BUTTON}</arg>
<doc>Clicks the button identified by ``locator``.</doc>
<msg timestamp="20211219 11:13:57.939" level="INFO">Clicking button 'css=[data-testid='sidebar:compose']'.</msg>
<status status="PASS" starttime="20211219 11:13:57.934" endtime="20211219 11:13:58.448"/>
</kw>
<status status="PASS" starttime="20211219 11:13:57.934" endtime="20211219 11:13:58.448"/>
</kw>
<kw name="Page Should Contain" library="SeleniumLibrary">
<arg>Sent with ProtonMail Secure Email.</arg>
<doc>Verifies that current page contains ``text``.</doc>
<msg timestamp="20211219 11:14:08.507" level="INFO">Current page contains text 'Sent with ProtonMail Secure Email.'.</msg>
<status status="PASS" starttime="20211219 11:13:58.448" endtime="20211219 11:14:08.507"/>
</kw>
<status status="PASS" starttime="20211219 11:13:57.934" endtime="20211219 11:14:08.508"/>
</kw>
<kw name="End web test" library="Common" type="TEARDOWN">
<kw name="Close Browser" library="SeleniumLibrary">
<doc>Closes the current browser.</doc>
<status status="PASS" starttime="20211219 11:14:08.509" endtime="20211219 11:14:10.717"/>
</kw>
<status status="PASS" starttime="20211219 11:14:08.509" endtime="20211219 11:14:10.717"/>
</kw>
<doc>Composer should be opened</doc>
<tag>Smoke</tag>
<status status="PASS" starttime="20211219 11:13:45.951" endtime="20211219 11:14:10.717"/>
</test>
<test id="s1-t4" name="TC0004 - Verifty that user can send message">
<kw name="Begin web test" library="Common" type="SETUP">
<kw name="Open Browser" library="SeleniumLibrary">
<arg>about:blank</arg>
<arg>${BROWSER}</arg>
<doc>Opens a new browser instance to the optional ``url``.</doc>
<msg timestamp="20211219 11:14:10.717" level="INFO">Opening browser 'edge' to base url 'about:blank'.</msg>
<status status="PASS" starttime="20211219 11:14:10.717" endtime="20211219 11:14:12.007"/>
</kw>
<kw name="Maximize Browser Window" library="SeleniumLibrary">
<doc>Maximizes current browser window.</doc>
<status status="PASS" starttime="20211219 11:14:12.008" endtime="20211219 11:14:12.131"/>
</kw>
<kw name="Set Browser Implicit Wait" library="SeleniumLibrary">
<arg>10s</arg>
<doc>Sets the implicit wait value used by Selenium.</doc>
<status status="PASS" starttime="20211219 11:14:12.131" endtime="20211219 11:14:12.134"/>
</kw>
<status status="PASS" starttime="20211219 11:14:10.717" endtime="20211219 11:14:12.135"/>
</kw>
<kw name="Login to ProtonMail" library="LoginPage">
<kw name="Load" library="LoginPageObjects">
<kw name="Go To" library="SeleniumLibrary">
<arg>${URL}</arg>
<doc>Navigates the current browser window to the provided ``url``.</doc>
<msg timestamp="20211219 11:14:12.161" level="INFO">Opening url 'https://mail.protonmail.com'</msg>
<status status="PASS" starttime="20211219 11:14:12.137" endtime="20211219 11:14:13.504"/>
</kw>
<status status="PASS" starttime="20211219 11:14:12.136" endtime="20211219 11:14:13.504"/>
</kw>
<kw name="Verify page loaded" library="LoginPageObjects">
<kw name="Wait Until Page Contains" library="SeleniumLibrary">
<arg>to continue to ProtonMail</arg>
<doc>Waits until ``text`` appears on the current page.</doc>
<status status="PASS" starttime="20211219 11:14:13.505" endtime="20211219 11:14:13.708"/>
</kw>
<status status="PASS" starttime="20211219 11:14:13.504" endtime="20211219 11:14:13.708"/>
</kw>
<kw name="Sign in" library="LoginPageObjects">
<kw name="Input Text" library="SeleniumLibrary">
<arg>${SIGN_IN_EMAIL}</arg>
<arg>${CREDENTIALS}[0]</arg>
<doc>Types the given ``text`` into the text field identified by ``locator``.</doc>
<msg timestamp="20211219 11:14:13.710" level="INFO">Typing text 'panche_test9@protonmail.com' into text field 'id=username'.</msg>
<status status="PASS" starttime="20211219 11:14:13.709" endtime="20211219 11:14:14.731"/>
</kw>
<kw name="Input Password" library="SeleniumLibrary">
<arg>${SIGN_IN_PASSWORD}</arg>
<arg>${CREDENTIALS}[1]</arg>
<doc>Types the given password into the text field identified by ``locator``.</doc>
<msg timestamp="20211219 11:14:14.732" level="INFO">Typing password into text field 'id=password'.</msg>
<msg timestamp="20211219 11:14:14.766" level="INFO">Temporally setting log level to: NONE</msg>
<msg timestamp="20211219 11:14:14.816" level="INFO">Log level changed from NONE to INFO.</msg>
<status status="PASS" starttime="20211219 11:14:14.731" endtime="20211219 11:14:14.816"/>
</kw>
<kw name="Click Button" library="SeleniumLibrary">
<arg>${LOGIN_BUTTON}</arg>
<doc>Clicks the button identified by ``locator``.</doc>
<msg timestamp="20211219 11:14:14.816" level="INFO">Clicking button 'xpath=/html/body/div[1]/div[3]/div/div/main/div[2]/form/button'.</msg>
<status status="PASS" starttime="20211219 11:14:14.816" endtime="20211219 11:14:14.894"/>
</kw>
<kw name="Sleep" library="BuiltIn">
<arg>3s</arg>
<doc>Pauses the test executed for the given time.</doc>
<msg timestamp="20211219 11:14:17.902" level="INFO">Slept 3 seconds</msg>
<status status="PASS" starttime="20211219 11:14:14.894" endtime="20211219 11:14:17.902"/>
</kw>
<kw name="Wait Until Page Contains" library="SeleniumLibrary">
<arg>New message</arg>
<doc>Waits until ``text`` appears on the current page.</doc>
<status status="PASS" starttime="20211219 11:14:17.902" endtime="20211219 11:14:18.920"/>
</kw>
<status status="PASS" starttime="20211219 11:14:13.709" endtime="20211219 11:14:18.920"/>
</kw>
<status status="PASS" starttime="20211219 11:14:12.135" endtime="20211219 11:14:18.920"/>
</kw>
<kw name="Compose new message" library="Composer">
<kw name="New message" library="ComposerObjects">
<kw name="Click Button" library="SeleniumLibrary">
<arg>${NEW_MESSAGE_BUTTON}</arg>
<doc>Clicks the button identified by ``locator``.</doc>
<msg timestamp="20211219 11:14:18.920" level="INFO">Clicking button 'css=[data-testid='sidebar:compose']'.</msg>
<status status="PASS" starttime="20211219 11:14:18.920" endtime="20211219 11:14:19.299"/>
</kw>
<status status="PASS" starttime="20211219 11:14:18.920" endtime="20211219 11:14:19.299"/>
</kw>
<kw name="Add Recipient" library="ComposerObjects">
<kw name="Input Text" library="SeleniumLibrary">
<arg>${RECIPIENT_FIELD}</arg>
<arg>${RECIPIENT}</arg>
<doc>Types the given ``text`` into the text field identified by ``locator``.</doc>
<msg timestamp="20211219 11:14:19.299" level="INFO">Typing text 'panche_test2@protonmail.com' into text field 'css=[data-testid='composer:to']'.</msg>
<status status="PASS" starttime="20211219 11:14:19.299" endtime="20211219 11:14:19.777"/>
</kw>
<status status="PASS" starttime="20211219 11:14:19.299" endtime="20211219 11:14:19.777"/>
</kw>
<kw name="Add Subject" library="ComposerObjects">
<kw name="Input Text" library="SeleniumLibrary">
<arg>${SUBJECT_FIELD}</arg>
<arg>${SUBJECT}</arg>
<doc>Types the given ``text`` into the text field identified by ``locator``.</doc>
<msg timestamp="20211219 11:14:19.778" level="INFO">Typing text 'Automated test subject' into text field 'css=[data-testid='composer:subject']'.</msg>
<status status="PASS" starttime="20211219 11:14:19.777" endtime="20211219 11:14:20.058"/>
</kw>
<status status="PASS" starttime="20211219 11:14:19.777" endtime="20211219 11:14:20.059"/>
</kw>
<kw name="Add Body" library="ComposerObjects">
<kw name="Click Element" library="SeleniumLibrary">
<arg>${COMPOSER_BODY}</arg>
<doc>Click the element identified by ``locator``.</doc>
<msg timestamp="20211219 11:14:20.059" level="INFO">Clicking element 'css=[data-testid='squire-iframe']'.</msg>
<status status="PASS" starttime="20211219 11:14:20.059" endtime="20211219 11:14:20.109"/>
</kw>
<kw name="Press Keys" library="SeleniumLibrary">
<arg>none</arg>
<arg>This is automated email message</arg>
<doc>Simulates the user pressing key(s) to an element or on the active browser.</doc>
<msg timestamp="20211219 11:14:20.110" level="INFO">Sending key(s) ('This is automated email message',) to page.</msg>
<msg timestamp="20211219 11:14:20.110" level="INFO">Sending keys This is automated email message</msg>
<status status="PASS" starttime="20211219 11:14:20.109" endtime="20211219 11:14:20.309"/>
</kw>
<status status="PASS" starttime="20211219 11:14:20.059" endtime="20211219 11:14:20.309"/>
</kw>
<status status="PASS" starttime="20211219 11:14:18.920" endtime="20211219 11:14:20.309"/>
</kw>
<kw name="Send Message" library="Composer">
<kw name="Send Message button" library="ComposerObjects">
<kw name="Sleep" library="BuiltIn">
<arg>2s</arg>
<doc>Pauses the test executed for the given time.</doc>
<msg timestamp="20211219 11:14:22.317" level="INFO">Slept 2 seconds</msg>
<status status="PASS" starttime="20211219 11:14:20.310" endtime="20211219 11:14:22.317"/>
</kw>
<kw name="Click Button" library="SeleniumLibrary">
<arg>${SEND_BUTTON}</arg>
<doc>Clicks the button identified by ``locator``.</doc>
<msg timestamp="20211219 11:14:22.317" level="INFO">Clicking button 'css=[data-testid='composer:send-button']'.</msg>
<status status="PASS" starttime="20211219 11:14:22.317" endtime="20211219 11:14:22.440"/>
</kw>
<kw name="Wait Until Page Contains" library="SeleniumLibrary">
<arg>Message sent.</arg>
<doc>Waits until ``text`` appears on the current page.</doc>
<status status="PASS" starttime="20211219 11:14:22.440" endtime="20211219 11:14:23.476"/>
</kw>
<status status="PASS" starttime="20211219 11:14:20.310" endtime="20211219 11:14:23.476"/>
</kw>
<status status="PASS" starttime="20211219 11:14:20.310" endtime="20211219 11:14:23.476"/>
</kw>
<kw name="End web test" library="Common" type="TEARDOWN">
<kw name="Close Browser" library="SeleniumLibrary">
<doc>Closes the current browser.</doc>
<status status="PASS" starttime="20211219 11:14:23.491" endtime="20211219 11:14:25.630"/>
</kw>
<status status="PASS" starttime="20211219 11:14:23.491" endtime="20211219 11:14:25.630"/>
</kw>
<doc>Message should be sent</doc>
<tag>Smoke</tag>
<status status="PASS" starttime="20211219 11:14:10.717" endtime="20211219 11:14:25.630"/>
</test>
<test id="s1-t5" name="TC0005 - Add CC;BCC and send message">
<kw name="Begin web test" library="Common" type="SETUP">
<kw name="Open Browser" library="SeleniumLibrary">
<arg>about:blank</arg>
<arg>${BROWSER}</arg>
<doc>Opens a new browser instance to the optional ``url``.</doc>
<msg timestamp="20211219 11:14:25.630" level="INFO">Opening browser 'edge' to base url 'about:blank'.</msg>
<status status="PASS" starttime="20211219 11:14:25.630" endtime="20211219 11:14:26.787"/>
</kw>
<kw name="Maximize Browser Window" library="SeleniumLibrary">
<doc>Maximizes current browser window.</doc>
<status status="PASS" starttime="20211219 11:14:26.788" endtime="20211219 11:14:26.917"/>
</kw>
<kw name="Set Browser Implicit Wait" library="SeleniumLibrary">
<arg>10s</arg>
<doc>Sets the implicit wait value used by Selenium.</doc>
<status status="PASS" starttime="20211219 11:14:26.918" endtime="20211219 11:14:26.925"/>
</kw>
<status status="PASS" starttime="20211219 11:14:25.630" endtime="20211219 11:14:26.925"/>
</kw>
<kw name="Login to ProtonMail" library="LoginPage">
<kw name="Load" library="LoginPageObjects">
<kw name="Go To" library="SeleniumLibrary">
<arg>${URL}</arg>
<doc>Navigates the current browser window to the provided ``url``.</doc>
<msg timestamp="20211219 11:14:26.928" level="INFO">Opening url 'https://mail.protonmail.com'</msg>
<status status="PASS" starttime="20211219 11:14:26.927" endtime="20211219 11:14:28.217"/>
</kw>
<status status="PASS" starttime="20211219 11:14:26.927" endtime="20211219 11:14:28.217"/>
</kw>
<kw name="Verify page loaded" library="LoginPageObjects">
<kw name="Wait Until Page Contains" library="SeleniumLibrary">
<arg>to continue to ProtonMail</arg>
<doc>Waits until ``text`` appears on the current page.</doc>
<status status="PASS" starttime="20211219 11:14:28.217" endtime="20211219 11:14:28.429"/>
</kw>
<status status="PASS" starttime="20211219 11:14:28.217" endtime="20211219 11:14:28.430"/>
</kw>
<kw name="Sign in" library="LoginPageObjects">
<kw name="Input Text" library="SeleniumLibrary">
<arg>${SIGN_IN_EMAIL}</arg>
<arg>${CREDENTIALS}[0]</arg>
<doc>Types the given ``text`` into the text field identified by ``locator``.</doc>
<msg timestamp="20211219 11:14:28.432" level="INFO">Typing text 'panche_test9@protonmail.com' into text field 'id=username'.</msg>
<status status="PASS" starttime="20211219 11:14:28.431" endtime="20211219 11:14:32.396"/>
</kw>
<kw name="Input Password" library="SeleniumLibrary">
<arg>${SIGN_IN_PASSWORD}</arg>
<arg>${CREDENTIALS}[1]</arg>
<doc>Types the given password into the text field identified by ``locator``.</doc>
<msg timestamp="20211219 11:14:32.396" level="INFO">Typing password into text field 'id=password'.</msg>
<msg timestamp="20211219 11:14:32.434" level="INFO">Temporally setting log level to: NONE</msg>
<msg timestamp="20211219 11:14:32.476" level="INFO">Log level changed from NONE to INFO.</msg>
<status status="PASS" starttime="20211219 11:14:32.396" endtime="20211219 11:14:32.476"/>
</kw>
<kw name="Click Button" library="SeleniumLibrary">
<arg>${LOGIN_BUTTON}</arg>
<doc>Clicks the button identified by ``locator``.</doc>
<msg timestamp="20211219 11:14:32.476" level="INFO">Clicking button 'xpath=/html/body/div[1]/div[3]/div/div/main/div[2]/form/button'.</msg>
<status status="PASS" starttime="20211219 11:14:32.476" endtime="20211219 11:14:32.555"/>
</kw>
<kw name="Sleep" library="BuiltIn">
<arg>3s</arg>
<doc>Pauses the test executed for the given time.</doc>
<msg timestamp="20211219 11:14:35.561" level="INFO">Slept 3 seconds</msg>
<status status="PASS" starttime="20211219 11:14:32.555" endtime="20211219 11:14:35.561"/>
</kw>
<kw name="Wait Until Page Contains" library="SeleniumLibrary">
<arg>New message</arg>
<doc>Waits until ``text`` appears on the current page.</doc>
<status status="PASS" starttime="20211219 11:14:35.561" endtime="20211219 11:14:36.697"/>
</kw>
<status status="PASS" starttime="20211219 11:14:28.430" endtime="20211219 11:14:36.697"/>
</kw>
<status status="PASS" starttime="20211219 11:14:26.926" endtime="20211219 11:14:36.697"/>
</kw>
<kw name="Compose new message" library="Composer">
<kw name="New message" library="ComposerObjects">
<kw name="Click Button" library="SeleniumLibrary">
<arg>${NEW_MESSAGE_BUTTON}</arg>
<doc>Clicks the button identified by ``locator``.</doc>
<msg timestamp="20211219 11:14:36.697" level="INFO">Clicking button 'css=[data-testid='sidebar:compose']'.</msg>
<status status="PASS" starttime="20211219 11:14:36.697" endtime="20211219 11:14:37.138"/>
</kw>
<status status="PASS" starttime="20211219 11:14:36.697" endtime="20211219 11:14:37.138"/>
</kw>
<kw name="Add Recipient" library="ComposerObjects">
<kw name="Input Text" library="SeleniumLibrary">
<arg>${RECIPIENT_FIELD}</arg>
<arg>${RECIPIENT}</arg>
<doc>Types the given ``text`` into the text field identified by ``locator``.</doc>
<msg timestamp="20211219 11:14:37.139" level="INFO">Typing text 'panche_test2@protonmail.com' into text field 'css=[data-testid='composer:to']'.</msg>
<status status="PASS" starttime="20211219 11:14:37.138" endtime="20211219 11:14:37.518"/>
</kw>
<status status="PASS" starttime="20211219 11:14:37.138" endtime="20211219 11:14:37.519"/>
</kw>
<kw name="Add Subject" library="ComposerObjects">
<kw name="Input Text" library="SeleniumLibrary">
<arg>${SUBJECT_FIELD}</arg>
<arg>${SUBJECT}</arg>
<doc>Types the given ``text`` into the text field identified by ``locator``.</doc>
<msg timestamp="20211219 11:14:37.520" level="INFO">Typing text 'Automated test subject' into text field 'css=[data-testid='composer:subject']'.</msg>
<status status="PASS" starttime="20211219 11:14:37.520" endtime="20211219 11:14:37.796"/>
</kw>
<status status="PASS" starttime="20211219 11:14:37.519" endtime="20211219 11:14:37.797"/>
</kw>
<kw name="Add Body" library="ComposerObjects">
<kw name="Click Element" library="SeleniumLibrary">
<arg>${COMPOSER_BODY}</arg>
<doc>Click the element identified by ``locator``.</doc>
<msg timestamp="20211219 11:14:37.798" level="INFO">Clicking element 'css=[data-testid='squire-iframe']'.</msg>
<status status="PASS" starttime="20211219 11:14:37.798" endtime="20211219 11:14:37.859"/>
</kw>
<kw name="Press Keys" library="SeleniumLibrary">
<arg>none</arg>
<arg>This is automated email message</arg>
<doc>Simulates the user pressing key(s) to an element or on the active browser.</doc>
<msg timestamp="20211219 11:14:37.861" level="INFO">Sending key(s) ('This is automated email message',) to page.</msg>
<msg timestamp="20211219 11:14:37.862" level="INFO">Sending keys This is automated email message</msg>
<status status="PASS" starttime="20211219 11:14:37.861" endtime="20211219 11:14:38.078"/>
</kw>
<status status="PASS" starttime="20211219 11:14:37.797" endtime="20211219 11:14:38.078"/>
</kw>
<status status="PASS" starttime="20211219 11:14:36.697" endtime="20211219 11:14:38.079"/>
</kw>
<kw name="Add CC;BCC" library="Composer">
<kw name="Add CC;BCC button" library="ComposerObjects">
<kw name="Click Button" library="SeleniumLibrary">
<arg>${CC_BCC_BUTTON}</arg>
<doc>Clicks the button identified by ``locator``.</doc>
<msg timestamp="20211219 11:14:38.081" level="INFO">Clicking button 'xpath=//*[contains(text(),'CC BCC')]'.</msg>
<status status="PASS" starttime="20211219 11:14:38.080" endtime="20211219 11:14:38.164"/>
</kw>
<kw name="Sleep" library="BuiltIn">
<arg>1s</arg>
<doc>Pauses the test executed for the given time.</doc>
<msg timestamp="20211219 11:14:39.173" level="INFO">Slept 1 second</msg>
<status status="PASS" starttime="20211219 11:14:38.164" endtime="20211219 11:14:39.173"/>
</kw>
<kw name="Input Text" library="SeleniumLibrary">
<arg>${INPUT_CC}</arg>
<arg>${CC}</arg>
<doc>Types the given ``text`` into the text field identified by ``locator``.</doc>
<msg timestamp="20211219 11:14:39.174" level="INFO">Typing text 'panche_test9@protonmail.com' into text field 'css=[data-testid='composer:to-cc']'.</msg>
<status status="PASS" starttime="20211219 11:14:39.173" endtime="20211219 11:14:39.389"/>
</kw>
<kw name="Input Text" library="SeleniumLibrary">
<arg>${INPUT_BCC}</arg>
<arg>${BCC}</arg>
<doc>Types the given ``text`` into the text field identified by ``locator``.</doc>
<msg timestamp="20211219 11:14:39.390" level="INFO">Typing text 'panche_test8@protonmail.com' into text field 'css=[data-testid='composer:to-bcc']'.</msg>
<status status="PASS" starttime="20211219 11:14:39.390" endtime="20211219 11:14:39.652"/>
</kw>
<status status="PASS" starttime="20211219 11:14:38.079" endtime="20211219 11:14:39.652"/>
</kw>
<status status="PASS" starttime="20211219 11:14:38.079" endtime="20211219 11:14:39.652"/>
</kw>
<kw name="Send Message" library="Composer">
<kw name="Send Message button" library="ComposerObjects">
<kw name="Sleep" library="BuiltIn">
<arg>2s</arg>
<doc>Pauses the test executed for the given time.</doc>
<msg timestamp="20211219 11:14:41.673" level="INFO">Slept 2 seconds</msg>
<status status="PASS" starttime="20211219 11:14:39.657" endtime="20211219 11:14:41.673"/>
</kw>
<kw name="Click Button" library="SeleniumLibrary">
<arg>${SEND_BUTTON}</arg>
<doc>Clicks the button identified by ``locator``.</doc>
<msg timestamp="20211219 11:14:41.674" level="INFO">Clicking button 'css=[data-testid='composer:send-button']'.</msg>
<status status="PASS" starttime="20211219 11:14:41.673" endtime="20211219 11:14:41.816"/>
</kw>
<kw name="Wait Until Page Contains" library="SeleniumLibrary">
<arg>Message sent.</arg>
<doc>Waits until ``text`` appears on the current page.</doc>
<status status="PASS" starttime="20211219 11:14:41.817" endtime="20211219 11:14:44.613"/>
</kw>
<status status="PASS" starttime="20211219 11:14:39.653" endtime="20211219 11:14:44.613"/>
</kw>
<status status="PASS" starttime="20211219 11:14:39.653" endtime="20211219 11:14:44.613"/>
</kw>
<kw name="End web test" library="Common" type="TEARDOWN">
<kw name="Close Browser" library="SeleniumLibrary">
<doc>Closes the current browser.</doc>
<status status="PASS" starttime="20211219 11:14:44.616" endtime="20211219 11:14:46.857"/>
</kw>
<status status="PASS" starttime="20211219 11:14:44.615" endtime="20211219 11:14:46.857"/>
</kw>
<doc>Message should be sent with CC and BCC</doc>
<tag>Smoke</tag>
<status status="PASS" starttime="20211219 11:14:25.630" endtime="20211219 11:14:46.857"/>
</test>
<test id="s1-t6" name="TC0006 - Attach Public key from composer">
<kw name="Begin web test" library="Common" type="SETUP">
<kw name="Open Browser" library="SeleniumLibrary">
<arg>about:blank</arg>
<arg>${BROWSER}</arg>
<doc>Opens a new browser instance to the optional ``url``.</doc>
<msg timestamp="20211219 11:14:46.857" level="INFO">Opening browser 'edge' to base url 'about:blank'.</msg>
<status status="PASS" starttime="20211219 11:14:46.857" endtime="20211219 11:14:47.985"/>
</kw>
<kw name="Maximize Browser Window" library="SeleniumLibrary">
<doc>Maximizes current browser window.</doc>
<status status="PASS" starttime="20211219 11:14:47.985" endtime="20211219 11:14:48.108"/>
</kw>
<kw name="Set Browser Implicit Wait" library="SeleniumLibrary">
<arg>10s</arg>
<doc>Sets the implicit wait value used by Selenium.</doc>
<status status="PASS" starttime="20211219 11:14:48.108" endtime="20211219 11:14:48.111"/>
</kw>
<status status="PASS" starttime="20211219 11:14:46.857" endtime="20211219 11:14:48.113"/>
</kw>
<kw name="Login to ProtonMail" library="LoginPage">
<kw name="Load" library="LoginPageObjects">
<kw name="Go To" library="SeleniumLibrary">
<arg>${URL}</arg>
<doc>Navigates the current browser window to the provided ``url``.</doc>
<msg timestamp="20211219 11:14:48.117" level="INFO">Opening url 'https://mail.protonmail.com'</msg>
<status status="PASS" starttime="20211219 11:14:48.116" endtime="20211219 11:14:49.489"/>
</kw>
<status status="PASS" starttime="20211219 11:14:48.115" endtime="20211219 11:14:49.489"/>
</kw>
<kw name="Verify page loaded" library="LoginPageObjects">
<kw name="Wait Until Page Contains" library="SeleniumLibrary">
<arg>to continue to ProtonMail</arg>
<doc>Waits until ``text`` appears on the current page.</doc>
<status status="PASS" starttime="20211219 11:14:49.490" endtime="20211219 11:14:49.689"/>
</kw>
<status status="PASS" starttime="20211219 11:14:49.489" endtime="20211219 11:14:49.690"/>
</kw>
<kw name="Sign in" library="LoginPageObjects">
<kw name="Input Text" library="SeleniumLibrary">
<arg>${SIGN_IN_EMAIL}</arg>
<arg>${CREDENTIALS}[0]</arg>
<doc>Types the given ``text`` into the text field identified by ``locator``.</doc>
<msg timestamp="20211219 11:14:49.691" level="INFO">Typing text 'panche_test9@protonmail.com' into text field 'id=username'.</msg>
<status status="PASS" starttime="20211219 11:14:49.690" endtime="20211219 11:14:53.710"/>
</kw>
<kw name="Input Password" library="SeleniumLibrary">
<arg>${SIGN_IN_PASSWORD}</arg>
<arg>${CREDENTIALS}[1]</arg>
<doc>Types the given password into the text field identified by ``locator``.</doc>
<msg timestamp="20211219 11:14:53.711" level="INFO">Typing password into text field 'id=password'.</msg>
<msg timestamp="20211219 11:14:53.750" level="INFO">Temporally setting log level to: NONE</msg>
<msg timestamp="20211219 11:14:53.808" level="INFO">Log level changed from NONE to INFO.</msg>
<status status="PASS" starttime="20211219 11:14:53.710" endtime="20211219 11:14:53.808"/>
</kw>
<kw name="Click Button" library="SeleniumLibrary">
<arg>${LOGIN_BUTTON}</arg>
<doc>Clicks the button identified by ``locator``.</doc>
<msg timestamp="20211219 11:14:53.809" level="INFO">Clicking button 'xpath=/html/body/div[1]/div[3]/div/div/main/div[2]/form/button'.</msg>
<status status="PASS" starttime="20211219 11:14:53.808" endtime="20211219 11:14:53.904"/>
</kw>
<kw name="Sleep" library="BuiltIn">
<arg>3s</arg>
<doc>Pauses the test executed for the given time.</doc>
<msg timestamp="20211219 11:14:56.915" level="INFO">Slept 3 seconds</msg>
<status status="PASS" starttime="20211219 11:14:53.905" endtime="20211219 11:14:56.915"/>
</kw>
<kw name="Wait Until Page Contains" library="SeleniumLibrary">
<arg>New message</arg>
<doc>Waits until ``text`` appears on the current page.</doc>
<status status="PASS" starttime="20211219 11:14:56.915" endtime="20211219 11:14:58.074"/>
</kw>
<status status="PASS" starttime="20211219 11:14:49.690" endtime="20211219 11:14:58.074"/>
</kw>
<status status="PASS" starttime="20211219 11:14:48.114" endtime="20211219 11:14:58.074"/>
</kw>
<kw name="Compose new message" library="Composer">
<kw name="New message" library="ComposerObjects">
<kw name="Click Button" library="SeleniumLibrary">
<arg>${NEW_MESSAGE_BUTTON}</arg>
<doc>Clicks the button identified by ``locator``.</doc>
<msg timestamp="20211219 11:14:58.079" level="INFO">Clicking button 'css=[data-testid='sidebar:compose']'.</msg>
<status status="PASS" starttime="20211219 11:14:58.075" endtime="20211219 11:14:58.481"/>
</kw>
<status status="PASS" starttime="20211219 11:14:58.075" endtime="20211219 11:14:58.481"/>
</kw>
<kw name="Add Recipient" library="ComposerObjects">
<kw name="Input Text" library="SeleniumLibrary">
<arg>${RECIPIENT_FIELD}</arg>
<arg>${RECIPIENT}</arg>
<doc>Types the given ``text`` into the text field identified by ``locator``.</doc>
<msg timestamp="20211219 11:14:58.482" level="INFO">Typing text 'panche_test2@protonmail.com' into text field 'css=[data-testid='composer:to']'.</msg>
<status status="PASS" starttime="20211219 11:14:58.481" endtime="20211219 11:14:58.886"/>
</kw>
<status status="PASS" starttime="20211219 11:14:58.481" endtime="20211219 11:14:58.886"/>
</kw>
<kw name="Add Subject" library="ComposerObjects">
<kw name="Input Text" library="SeleniumLibrary">
<arg>${SUBJECT_FIELD}</arg>
<arg>${SUBJECT}</arg>
<doc>Types the given ``text`` into the text field identified by ``locator``.</doc>
<msg timestamp="20211219 11:14:58.886" level="INFO">Typing text 'Automated test subject' into text field 'css=[data-testid='composer:subject']'.</msg>
<status status="PASS" starttime="20211219 11:14:58.886" endtime="20211219 11:14:59.178"/>
</kw>
<status status="PASS" starttime="20211219 11:14:58.886" endtime="20211219 11:14:59.179"/>
</kw>
<kw name="Add Body" library="ComposerObjects">
<kw name="Click Element" library="SeleniumLibrary">
<arg>${COMPOSER_BODY}</arg>
<doc>Click the element identified by ``locator``.</doc>
<msg timestamp="20211219 11:14:59.180" level="INFO">Clicking element 'css=[data-testid='squire-iframe']'.</msg>
<status status="PASS" starttime="20211219 11:14:59.179" endtime="20211219 11:14:59.238"/>
</kw>
<kw name="Press Keys" library="SeleniumLibrary">
<arg>none</arg>
<arg>This is automated email message</arg>
<doc>Simulates the user pressing key(s) to an element or on the active browser.</doc>
<msg timestamp="20211219 11:14:59.239" level="INFO">Sending key(s) ('This is automated email message',) to page.</msg>
<msg timestamp="20211219 11:14:59.243" level="INFO">Sending keys This is automated email message</msg>
<status status="PASS" starttime="20211219 11:14:59.239" endtime="20211219 11:14:59.458"/>
</kw>
<status status="PASS" starttime="20211219 11:14:59.179" endtime="20211219 11:14:59.458"/>
</kw>
<status status="PASS" starttime="20211219 11:14:58.075" endtime="20211219 11:14:59.460"/>
</kw>
<kw name="Attach Public key" library="Composer">
<kw name="Attach Public key button" library="ComposerObjects">
<kw name="Click Button" library="SeleniumLibrary">
<arg>${COMPOSER_MORE_OPTIONS}</arg>
<doc>Clicks the button identified by ``locator``.</doc>
<msg timestamp="20211219 11:14:59.461" level="INFO">Clicking button 'xpath=/html/body/div[1]/div[4]/div/div/div/footer/div/div[2]/div[1]/button[3]'.</msg>
<status status="PASS" starttime="20211219 11:14:59.461" endtime="20211219 11:14:59.521"/>
</kw>
<kw name="Click Element" library="SeleniumLibrary">
<arg>${COMPOSER_ATTACH_PK}</arg>
<doc>Click the element identified by ``locator``.</doc>
<msg timestamp="20211219 11:14:59.522" level="INFO">Clicking element 'xpath=//*[contains(text(),'Attach Public Key')]'.</msg>
<status status="PASS" starttime="20211219 11:14:59.521" endtime="20211219 11:14:59.579"/>
</kw>
<status status="PASS" starttime="20211219 11:14:59.460" endtime="20211219 11:14:59.579"/>
</kw>
<status status="PASS" starttime="20211219 11:14:59.460" endtime="20211219 11:14:59.579"/>
</kw>
<kw name="Send Message" library="Composer">
<kw name="Send Message button" library="ComposerObjects">
<kw name="Sleep" library="BuiltIn">
<arg>2s</arg>
<doc>Pauses the test executed for the given time.</doc>
<msg timestamp="20211219 11:15:01.584" level="INFO">Slept 2 seconds</msg>
<status status="PASS" starttime="20211219 11:14:59.580" endtime="20211219 11:15:01.584"/>
</kw>
<kw name="Click Button" library="SeleniumLibrary">
<arg>${SEND_BUTTON}</arg>
<doc>Clicks the button identified by ``locator``.</doc>
<msg timestamp="20211219 11:15:01.584" level="INFO">Clicking button 'css=[data-testid='composer:send-button']'.</msg>
<status status="PASS" starttime="20211219 11:15:01.584" endtime="20211219 11:15:01.705"/>
</kw>
<kw name="Wait Until Page Contains" library="SeleniumLibrary">
<arg>Message sent.</arg>
<doc>Waits until ``text`` appears on the current page.</doc>
<status status="PASS" starttime="20211219 11:15:01.705" endtime="20211219 11:15:03.446"/>
</kw>
<status status="PASS" starttime="20211219 11:14:59.580" endtime="20211219 11:15:03.446"/>
</kw>
<status status="PASS" starttime="20211219 11:14:59.580" endtime="20211219 11:15:03.446"/>
</kw>
<kw name="End web test" library="Common" type="TEARDOWN">
<kw name="Close Browser" library="SeleniumLibrary">
<doc>Closes the current browser.</doc>
<status status="PASS" starttime="20211219 11:15:03.447" endtime="20211219 11:15:05.664"/>
</kw>
<status status="PASS" starttime="20211219 11:15:03.447" endtime="20211219 11:15:05.664"/>
</kw>
<doc>Public key should be attached from composer</doc>
<tag>Smoke</tag>
<status status="PASS" starttime="20211219 11:14:46.857" endtime="20211219 11:15:05.664"/>
</test>
<test id="s1-t7" name="TC0007 - Keyboard shortcut - Go to Spam">
<kw name="Begin web test" library="Common" type="SETUP">
<kw name="Open Browser" library="SeleniumLibrary">
<arg>about:blank</arg>
<arg>${BROWSER}</arg>
<doc>Opens a new browser instance to the optional ``url``.</doc>
<msg timestamp="20211219 11:15:05.664" level="INFO">Opening browser 'edge' to base url 'about:blank'.</msg>
<status status="PASS" starttime="20211219 11:15:05.664" endtime="20211219 11:15:06.838"/>
</kw>
<kw name="Maximize Browser Window" library="SeleniumLibrary">
<doc>Maximizes current browser window.</doc>
<status status="PASS" starttime="20211219 11:15:06.838" endtime="20211219 11:15:06.955"/>
</kw>
<kw name="Set Browser Implicit Wait" library="SeleniumLibrary">
<arg>10s</arg>
<doc>Sets the implicit wait value used by Selenium.</doc>
<status status="PASS" starttime="20211219 11:15:06.955" endtime="20211219 11:15:06.958"/>
</kw>
<status status="PASS" starttime="20211219 11:15:05.664" endtime="20211219 11:15:06.958"/>
</kw>
<kw name="Login to ProtonMail" library="LoginPage">
<kw name="Load" library="LoginPageObjects">
<kw name="Go To" library="SeleniumLibrary">
<arg>${URL}</arg>
<doc>Navigates the current browser window to the provided ``url``.</doc>
<msg timestamp="20211219 11:15:06.961" level="INFO">Opening url 'https://mail.protonmail.com'</msg>
<status status="PASS" starttime="20211219 11:15:06.960" endtime="20211219 11:15:08.274"/>
</kw>
<status status="PASS" starttime="20211219 11:15:06.960" endtime="20211219 11:15:08.275"/>
</kw>
<kw name="Verify page loaded" library="LoginPageObjects">
<kw name="Wait Until Page Contains" library="SeleniumLibrary">
<arg>to continue to ProtonMail</arg>
<doc>Waits until ``text`` appears on the current page.</doc>
<status status="PASS" starttime="20211219 11:15:08.275" endtime="20211219 11:15:08.473"/>
</kw>
<status status="PASS" starttime="20211219 11:15:08.275" endtime="20211219 11:15:08.473"/>
</kw>
<kw name="Sign in" library="LoginPageObjects">
<kw name="Input Text" library="SeleniumLibrary">
<arg>${SIGN_IN_EMAIL}</arg>
<arg>${CREDENTIALS}[0]</arg>
<doc>Types the given ``text`` into the text field identified by ``locator``.</doc>
<msg timestamp="20211219 11:15:08.474" level="INFO">Typing text 'panche_test9@protonmail.com' into text field 'id=username'.</msg>
<status status="PASS" starttime="20211219 11:15:08.474" endtime="20211219 11:15:09.524"/>
</kw>
<kw name="Input Password" library="SeleniumLibrary">
<arg>${SIGN_IN_PASSWORD}</arg>
<arg>${CREDENTIALS}[1]</arg>
<doc>Types the given password into the text field identified by ``locator``.</doc>
<msg timestamp="20211219 11:15:09.524" level="INFO">Typing password into text field 'id=password'.</msg>
<msg timestamp="20211219 11:15:09.560" level="INFO">Temporally setting log level to: NONE</msg>
<msg timestamp="20211219 11:15:09.620" level="INFO">Log level changed from NONE to INFO.</msg>
<status status="PASS" starttime="20211219 11:15:09.524" endtime="20211219 11:15:09.620"/>
</kw>
<kw name="Click Button" library="SeleniumLibrary">
<arg>${LOGIN_BUTTON}</arg>
<doc>Clicks the button identified by ``locator``.</doc>
<msg timestamp="20211219 11:15:09.621" level="INFO">Clicking button 'xpath=/html/body/div[1]/div[3]/div/div/main/div[2]/form/button'.</msg>
<status status="PASS" starttime="20211219 11:15:09.620" endtime="20211219 11:15:09.689"/>
</kw>
<kw name="Sleep" library="BuiltIn">
<arg>3s</arg>
<doc>Pauses the test executed for the given time.</doc>
<msg timestamp="20211219 11:15:12.692" level="INFO">Slept 3 seconds</msg>
<status status="PASS" starttime="20211219 11:15:09.689" endtime="20211219 11:15:12.692"/>
</kw>
<kw name="Wait Until Page Contains" library="SeleniumLibrary">
<arg>New message</arg>
<doc>Waits until ``text`` appears on the current page.</doc>
<status status="PASS" starttime="20211219 11:15:12.693" endtime="20211219 11:15:13.834"/>
</kw>
<status status="PASS" starttime="20211219 11:15:08.473" endtime="20211219 11:15:13.834"/>
</kw>
<status status="PASS" starttime="20211219 11:15:06.959" endtime="20211219 11:15:13.834"/>
</kw>
<kw name="Press Keys" library="SeleniumLibrary">
<arg>none</arg>
<arg>gs</arg>
<doc>Simulates the user pressing key(s) to an element or on the active browser.</doc>
<msg timestamp="20211219 11:15:13.834" level="INFO">Sending key(s) ('gs',) to page.</msg>
<msg timestamp="20211219 11:15:13.834" level="INFO">Sending keys gs</msg>
<status status="PASS" starttime="20211219 11:15:13.834" endtime="20211219 11:15:14.171"/>
</kw>
<kw name="Page Should Contain" library="SeleniumLibrary">
<arg>Spam</arg>
<doc>Verifies that current page contains ``text``.</doc>
<msg timestamp="20211219 11:15:14.201" level="INFO">Current page contains text 'Spam'.</msg>
<status status="PASS" starttime="20211219 11:15:14.171" endtime="20211219 11:15:14.201"/>
</kw>
<kw name="End web test" library="Common" type="TEARDOWN">
<kw name="Close Browser" library="SeleniumLibrary">
<doc>Closes the current browser.</doc>
<status status="PASS" starttime="20211219 11:15:14.201" endtime="20211219 11:15:16.337"/>
</kw>
<status status="PASS" starttime="20211219 11:15:14.201" endtime="20211219 11:15:16.342"/>
</kw>
<doc>User should be able to navigate to Spam folder</doc>
<tag>Smoke</tag>
<status status="PASS" starttime="20211219 11:15:05.664" endtime="20211219 11:15:16.342"/>
</test>
<doc>Composer Test cases for ProtonMail</doc>
<status status="PASS" starttime="20211219 11:13:20.634" endtime="20211219 11:15:16.342"/>
</suite>
<statistics>
<total>
<stat pass="7" fail="0" skip="0">All Tests</stat>
</total>
<tag>
<stat pass="7" fail="0" skip="0">Smoke</stat>
</tag>
<suite>
<stat pass="7" fail="0" skip="0" id="s1" name="Composertests">Composertests</stat>
</suite>
</statistics>
<errors>
</errors>
</robot>
